<?xml version="1.0" encoding="UTF-8"?>
<!-- Generated by org.testng.reporters.JUnitXMLReporter -->
<testsuite hostname="DESKTOP-MD2112N" ignored="0" name="ContactPage Test" tests="5" failures="0" timestamp="2021-12-23T11:01:36 AEDT" time="50.848" errors="0">
  <testcase name="contactPage" time="8.221" classname="testcases.ContactPageTest"/>
  <testcase name="contactPage" time="10.853" classname="testcases.ContactPageTest"/>
  <testcase name="contactPage" time="6.987" classname="testcases.ContactPageTest"/>
  <testcase name="contactPage" time="9.685" classname="testcases.ContactPageTest"/>
  <testcase name="contactPage" time="9.861" classname="testcases.ContactPageTest"/>
</testsuite> <!-- ContactPage Test -->
