<?xml version="1.0" encoding="UTF-8"?>
<!-- Generated by org.testng.reporters.JUnitXMLReporter -->
<testsuite hostname="DESKTOP-MD2112N" ignored="0" name="Start Shopping Page Test" tests="2" failures="0" timestamp="2021-12-23T11:02:07 AEDT" time="17.15" errors="0">
  <testcase name="startShoppingPage" time="4.738" classname="testcases.StartShoppingPageTest"/>
  <testcase name="startShoppingPage" time="10.718" classname="testcases.StartShoppingPageTest"/>
</testsuite> <!-- Start Shopping Page Test -->
