<?xml version="1.0" encoding="UTF-8"?>
<testsuite xmlns:xsi="http://www.w3.org/2001/XMLSchema-instance" xsi:noNamespaceSchemaLocation="https://maven.apache.org/surefire/maven-surefire-plugin/xsd/surefire-test-report.xsd" name="TestSuite" time="83.637" tests="9" errors="0" skipped="0" failures="0">
  <properties>
[...]
</properties>
  <testcase name="contactPage" classname="testcases.ContactPageTest" time="8.223"/>
  <testcase name="contactPage" classname="testcases.ContactPageTest" time="10.854"/>
  <testcase name="contactPage" classname="testcases.ContactPageTest" time="6.988"/>
  <testcase name="contactPage" classname="testcases.ContactPageTest" time="9.686"/>
  <testcase name="contactPage" classname="testcases.ContactPageTest" time="9.862"/>
  <testcase name="shopPage" classname="testcases.ShopPageTest" time="4.032"/>
  <testcase name="shopPage" classname="testcases.ShopPageTest" time="8.448"/>
  <testcase name="startShoppingPage" classname="testcases.StartShoppingPageTest" time="4.732"/>
  <testcase name="startShoppingPage" classname="testcases.StartShoppingPageTest" time="10.719"/>
</testsuite>