<?xml version="1.0" encoding="UTF-8"?>
<!-- Generated by org.testng.reporters.JUnitXMLReporter -->
<testsuite hostname="DESKTOP-MD2112N" ignored="0" name="ContactPage Test" tests="5" failures="0" timestamp="2021-12-23T10:28:15 AEDT" time="0.615" errors="0">
  <testcase name="contactPage" time="0.026" classname="testcases.ContactPageTest">
    <skipped/>
  </testcase> <!-- contactPage -->
  <testcase name="contactPage" time="0.004" classname="testcases.ContactPageTest">
    <skipped/>
  </testcase> <!-- contactPage -->
  <testcase name="contactPage" time="0.003" classname="testcases.ContactPageTest">
    <skipped/>
  </testcase> <!-- contactPage -->
  <testcase name="contactPage" time="0.003" classname="testcases.ContactPageTest">
    <skipped/>
  </testcase> <!-- contactPage -->
  <testcase name="contactPage" time="0.003" classname="testcases.ContactPageTest">
    <skipped/>
  </testcase> <!-- contactPage -->
</testsuite> <!-- ContactPage Test -->
