<?xml version="1.0" encoding="UTF-8"?>
<!-- Generated by org.testng.reporters.JUnitXMLReporter -->
<testsuite hostname="DESKTOP-MD2112N" ignored="0" name="Shop Page Test" tests="2" failures="0" timestamp="2021-12-23T10:28:15 AEDT" time="0.046" errors="0">
  <testcase name="shopPage" time="0.003" classname="testcases.ShopPageTest">
    <skipped/>
  </testcase> <!-- shopPage -->
  <testcase name="shopPage" time="0.002" classname="testcases.ShopPageTest">
    <skipped/>
  </testcase> <!-- shopPage -->
</testsuite> <!-- Shop Page Test -->
