<?xml version="1.0" encoding="UTF-8"?>
<!-- Generated by org.testng.reporters.JUnitXMLReporter -->
<testsuite hostname="DESKTOP-MD2112N" ignored="0" name="Start Shopping Page Test" tests="2" failures="0" timestamp="2021-12-23T10:28:34 AEDT" time="18.29" errors="0">
  <testcase name="startShoppingPage" time="5.976" classname="testcases.StartShoppingPageTest"/>
  <testcase name="startShoppingPage" time="10.513" classname="testcases.StartShoppingPageTest"/>
</testsuite> <!-- Start Shopping Page Test -->
